<?xml version="1.0" encoding="UTF-8"?>
<coverage generated="1670499402144" clover="3.2.0">
  <project timestamp="1670499402145" name="All files">
    <metrics statements="23" coveredstatements="22" conditionals="24" coveredconditionals="22" methods="1" coveredmethods="1" elements="48" coveredelements="45" complexity="0" loc="23" ncloc="23" packages="1" files="1" classes="1"/>
    <file name="index.js" path="C:\Users\Asus\Desktop\stringCalc\index.js">
      <metrics statements="23" coveredstatements="22" conditionals="24" coveredconditionals="22" methods="1" coveredmethods="1"/>
      <line num="2" count="15" type="stmt"/>
      <line num="3" count="15" type="stmt"/>
      <line num="4" count="15" type="cond" truecount="2" falsecount="0"/>
      <line num="6" count="6" type="cond" truecount="2" falsecount="0"/>
      <line num="7" count="1" type="stmt"/>
      <line num="9" count="5" type="cond" truecount="2" falsecount="0"/>
      <line num="10" count="4" type="cond" truecount="2" falsecount="0"/>
      <line num="11" count="1" type="stmt"/>
      <line num="12" count="4" type="stmt"/>
      <line num="13" count="1" type="stmt"/>
      <line num="16" count="8" type="cond" truecount="4" falsecount="0"/>
      <line num="17" count="1" type="stmt"/>
      <line num="18" count="7" type="cond" truecount="4" falsecount="0"/>
      <line num="19" count="1" type="stmt"/>
      <line num="20" count="6" type="cond" truecount="2" falsecount="2"/>
      <line num="21" count="0" type="stmt"/>
      <line num="23" count="6" type="cond" truecount="2" falsecount="0"/>
      <line num="24" count="2" type="stmt"/>
      <line num="25" count="6" type="cond" truecount="2" falsecount="0"/>
      <line num="26" count="2" type="stmt"/>
      <line num="27" count="6" type="stmt"/>
      <line num="28" count="1" type="stmt"/>
      <line num="30" count="1" type="stmt"/>
    </file>
  </project>
</coverage>
