{"C:\\Users\\Asus\\Desktop\\stringCalc\\index.js": {"path":"C:\\Users\\Asus\\Desktop\\stringCalc\\index.js","statementMap":{"0":{"start":{"line":2,"column":16},"end":{"line":2,"column":31}},"1":{"start":{"line":3,"column":10},"end":{"line":3,"column":26}},"2":{"start":{"line":4,"column":4},"end":{"line":27,"column":67}},"3":{"start":{"line":6,"column":8},"end":{"line":14,"column":9}},"4":{"start":{"line":7,"column":8},"end":{"line":7,"column":19}},"5":{"start":{"line":9,"column":10},"end":{"line":13,"column":82}},"6":{"start":{"line":10,"column":13},"end":{"line":11,"column":32}},"7":{"start":{"line":11,"column":15},"end":{"line":11,"column":32}},"8":{"start":{"line":12,"column":12},"end":{"line":12,"column":42}},"9":{"start":{"line":13,"column":15},"end":{"line":13,"column":82}},"10":{"start":{"line":16,"column":8},"end":{"line":27,"column":62}},"11":{"start":{"line":17,"column":8},"end":{"line":17,"column":75}},"12":{"start":{"line":18,"column":13},"end":{"line":27,"column":62}},"13":{"start":{"line":19,"column":8},"end":{"line":19,"column":75}},"14":{"start":{"line":20,"column":13},"end":{"line":27,"column":62}},"15":{"start":{"line":21,"column":17},"end":{"line":21,"column":103}},"16":{"start":{"line":23,"column":10},"end":{"line":24,"column":27}},"17":{"start":{"line":24,"column":10},"end":{"line":24,"column":27}},"18":{"start":{"line":25,"column":10},"end":{"line":26,"column":27}},"19":{"start":{"line":26,"column":10},"end":{"line":26,"column":27}},"20":{"start":{"line":27,"column":0},"end":{"line":27,"column":53}},"21":{"start":{"line":28,"column":4},"end":{"line":28,"column":42}},"22":{"start":{"line":30,"column":0},"end":{"line":30,"column":21}}},"fnMap":{"0":{"name":"Add","decl":{"start":{"line":1,"column":9},"end":{"line":1,"column":12}},"loc":{"start":{"line":1,"column":18},"end":{"line":29,"column":2}},"line":1}},"branchMap":{"0":{"loc":{"start":{"line":4,"column":4},"end":{"line":27,"column":67}},"type":"switch","locations":[{"start":{"line":5,"column":6},"end":{"line":14,"column":9}},{"start":{"line":15,"column":6},"end":{"line":27,"column":62}}],"line":4},"1":{"loc":{"start":{"line":6,"column":8},"end":{"line":14,"column":9}},"type":"if","locations":[{"start":{"line":6,"column":8},"end":{"line":14,"column":9}},{"start":{"line":8,"column":13},"end":{"line":14,"column":9}}],"line":6},"2":{"loc":{"start":{"line":9,"column":10},"end":{"line":13,"column":82}},"type":"if","locations":[{"start":{"line":9,"column":10},"end":{"line":13,"column":82}},{"start":{"line":13,"column":15},"end":{"line":13,"column":82}}],"line":9},"3":{"loc":{"start":{"line":10,"column":13},"end":{"line":11,"column":32}},"type":"if","locations":[{"start":{"line":10,"column":13},"end":{"line":11,"column":32}},{"start":{},"end":{}}],"line":10},"4":{"loc":{"start":{"line":16,"column":8},"end":{"line":27,"column":62}},"type":"if","locations":[{"start":{"line":16,"column":8},"end":{"line":27,"column":62}},{"start":{"line":18,"column":13},"end":{"line":27,"column":62}}],"line":16},"5":{"loc":{"start":{"line":16,"column":12},"end":{"line":16,"column":65}},"type":"binary-expr","locations":[{"start":{"line":16,"column":12},"end":{"line":16,"column":36}},{"start":{"line":16,"column":40},"end":{"line":16,"column":65}}],"line":16},"6":{"loc":{"start":{"line":18,"column":13},"end":{"line":27,"column":62}},"type":"if","locations":[{"start":{"line":18,"column":13},"end":{"line":27,"column":62}},{"start":{"line":20,"column":13},"end":{"line":27,"column":62}}],"line":18},"7":{"loc":{"start":{"line":18,"column":17},"end":{"line":18,"column":70}},"type":"binary-expr","locations":[{"start":{"line":18,"column":17},"end":{"line":18,"column":41}},{"start":{"line":18,"column":45},"end":{"line":18,"column":70}}],"line":18},"8":{"loc":{"start":{"line":20,"column":13},"end":{"line":27,"column":62}},"type":"if","locations":[{"start":{"line":20,"column":13},"end":{"line":27,"column":62}},{"start":{"line":22,"column":20},"end":{"line":27,"column":62}}],"line":20},"9":{"loc":{"start":{"line":20,"column":17},"end":{"line":20,"column":69}},"type":"binary-expr","locations":[{"start":{"line":20,"column":17},"end":{"line":20,"column":41}},{"start":{"line":20,"column":45},"end":{"line":20,"column":69}}],"line":20},"10":{"loc":{"start":{"line":23,"column":10},"end":{"line":24,"column":27}},"type":"if","locations":[{"start":{"line":23,"column":10},"end":{"line":24,"column":27}},{"start":{},"end":{}}],"line":23},"11":{"loc":{"start":{"line":25,"column":10},"end":{"line":26,"column":27}},"type":"if","locations":[{"start":{"line":25,"column":10},"end":{"line":26,"column":27}},{"start":{},"end":{}}],"line":25}},"s":{"0":15,"1":15,"2":15,"3":6,"4":1,"5":5,"6":4,"7":1,"8":4,"9":1,"10":8,"11":1,"12":7,"13":1,"14":6,"15":0,"16":6,"17":2,"18":6,"19":2,"20":6,"21":1,"22":1},"f":{"0":15},"b":{"0":[6,8],"1":[1,5],"2":[4,1],"3":[1,3],"4":[1,7],"5":[8,3],"6":[1,6],"7":[7,3],"8":[0,6],"9":[6,0],"10":[2,4],"11":[2,4]},"_coverageSchema":"1a1c01bbd47fc00a2c39e90264f33305004495a9","hash":"2b33644e5aa47dae2287df3aecf434897ef8fc0b"}
}
