{"C:\\Users\\Asus\\Desktop\\stringCalc\\index.js": {"path":"C:\\Users\\Asus\\Desktop\\stringCalc\\index.js","statementMap":{"0":{"start":{"line":3,"column":16},"end":{"line":3,"column":31}},"1":{"start":{"line":4,"column":10},"end":{"line":4,"column":26}},"2":{"start":{"line":5,"column":4},"end":{"line":13,"column":5}},"3":{"start":{"line":7,"column":8},"end":{"line":10,"column":38}},"4":{"start":{"line":8,"column":8},"end":{"line":8,"column":19}},"5":{"start":{"line":10,"column":8},"end":{"line":10,"column":38}},"6":{"start":{"line":12,"column":8},"end":{"line":12,"column":61}},"7":{"start":{"line":16,"column":0},"end":{"line":16,"column":21}}},"fnMap":{"0":{"name":"Add","decl":{"start":{"line":2,"column":9},"end":{"line":2,"column":12}},"loc":{"start":{"line":2,"column":18},"end":{"line":15,"column":1}},"line":2}},"branchMap":{"0":{"loc":{"start":{"line":5,"column":4},"end":{"line":13,"column":5}},"type":"switch","locations":[{"start":{"line":6,"column":6},"end":{"line":10,"column":38}},{"start":{"line":11,"column":6},"end":{"line":12,"column":61}}],"line":5},"1":{"loc":{"start":{"line":7,"column":8},"end":{"line":10,"column":38}},"type":"if","locations":[{"start":{"line":7,"column":8},"end":{"line":10,"column":38}},{"start":{"line":10,"column":8},"end":{"line":10,"column":38}}],"line":7}},"s":{"0":3,"1":3,"2":3,"3":2,"4":1,"5":1,"6":1,"7":1},"f":{"0":3},"b":{"0":[2,1],"1":[1,1]},"_coverageSchema":"1a1c01bbd47fc00a2c39e90264f33305004495a9","hash":"57584341cbcc155f11a063054c7bdbcac7022f1c"}
}
