TN:
SF:index.js
FN:1,Add
FNF:1
FNH:1
FNDA:15,Add
DA:2,15
DA:3,15
DA:4,15
DA:6,6
DA:7,1
DA:9,5
DA:10,4
DA:11,1
DA:12,4
DA:13,1
DA:16,8
DA:17,1
DA:18,7
DA:19,1
DA:20,6
DA:21,0
DA:23,6
DA:24,2
DA:25,6
DA:26,2
DA:27,6
DA:28,1
DA:30,1
LF:23
LH:22
BRDA:4,0,0,6
BRDA:4,0,1,8
BRDA:6,1,0,1
BRDA:6,1,1,5
BRDA:9,2,0,4
BRDA:9,2,1,1
BRDA:10,3,0,1
BRDA:10,3,1,3
BRDA:16,4,0,1
BRDA:16,4,1,7
BRDA:16,5,0,8
BRDA:16,5,1,3
BRDA:18,6,0,1
BRDA:18,6,1,6
BRDA:18,7,0,7
BRDA:18,7,1,3
BRDA:20,8,0,0
BRDA:20,8,1,6
BRDA:20,9,0,6
BRDA:20,9,1,0
BRDA:23,10,0,2
BRDA:23,10,1,4
BRDA:25,11,0,2
BRDA:25,11,1,4
BRF:24
BRH:22
end_of_record
