TN:
SF:index.js
FN:1,Add
FNF:1
FNH:1
FNDA:14,Add
DA:2,14
DA:3,14
DA:5,14
DA:7,4
DA:8,1
DA:10,3
DA:11,2
DA:12,1
DA:13,2
DA:14,1
DA:17,9
DA:18,1
DA:19,8
DA:20,1
DA:21,7
DA:23,2
DA:25,5
DA:26,2
DA:27,5
DA:28,2
DA:29,5
DA:30,1
DA:32,1
LF:23
LH:23
BRDA:5,0,0,4
BRDA:5,0,1,9
BRDA:7,1,0,1
BRDA:7,1,1,3
BRDA:10,2,0,2
BRDA:10,2,1,1
BRDA:11,3,0,1
BRDA:11,3,1,1
BRDA:17,4,0,1
BRDA:17,4,1,8
BRDA:17,5,0,9
BRDA:17,5,1,3
BRDA:19,6,0,1
BRDA:19,6,1,7
BRDA:19,7,0,8
BRDA:19,7,1,3
BRDA:21,8,0,2
BRDA:21,8,1,5
BRDA:21,9,0,7
BRDA:21,9,1,2
BRDA:25,10,0,2
BRDA:25,10,1,3
BRDA:27,11,0,2
BRDA:27,11,1,3
BRF:24
BRH:24
end_of_record
